  Main.cpp
C:\Projects\ex220624\ex220624\Main.cpp(10,11): error C2143: 구문 오류: ';'이(가) '*' 앞에 없습니다.
C:\Projects\ex220624\ex220624\Main.cpp(10,11): error C4430: 형식 지정자가 없습니다. int로 가정합니다. 참고: C++에서는 기본 int를 지원하지 않습니다.
C:\Projects\ex220624\ex220624\Main.cpp(10,16): error C2238: ';' 앞에 예기치 않은 토큰이 있습니다.
C:\Projects\ex220624\ex220624\Main.cpp(18,13): error C4430: 형식 지정자가 없습니다. int로 가정합니다. 참고: C++에서는 기본 int를 지원하지 않습니다.
C:\Projects\ex220624\ex220624\Main.cpp(18,25): error C2143: 구문 오류: ','이(가) '&' 앞에 없습니다.
C:\Projects\ex220624\ex220624\Main.cpp(25,32): error C4430: 형식 지정자가 없습니다. int로 가정합니다. 참고: C++에서는 기본 int를 지원하지 않습니다.
C:\Projects\ex220624\ex220624\Main.cpp(25,32): error C2143: 구문 오류: ','이(가) '&' 앞에 없습니다.
C:\Projects\ex220624\ex220624\Main.cpp(29,11): error C2143: 구문 오류: ';'이(가) '&' 앞에 없습니다.
C:\Projects\ex220624\ex220624\Main.cpp(29,11): error C4430: 형식 지정자가 없습니다. int로 가정합니다. 참고: C++에서는 기본 int를 지원하지 않습니다.
C:\Projects\ex220624\ex220624\Main.cpp(29,25): error C2334: '{' 앞에 예기치 않은 토큰이 있습니다. 명백한 함수 본문을 건너뜁니다.
C:\Projects\ex220624\ex220624\Main.cpp(30,17): error C4430: 형식 지정자가 없습니다. int로 가정합니다. 참고: C++에서는 기본 int를 지원하지 않습니다.
C:\Projects\ex220624\ex220624\Main.cpp(30,17): error C2143: 구문 오류: ';'이(가) '&' 앞에 없습니다.
C:\Projects\ex220624\ex220624\Main.cpp(30,36): error C2334: '{' 앞에 예기치 않은 토큰이 있습니다. 명백한 함수 본문을 건너뜁니다.
C:\Projects\ex220624\ex220624\Main.cpp(15,5): error C2789: 'StrArray::String': const 한정 형식의 개체를 초기화해야 합니다.
C:\Projects\ex220624\ex220624\Main.cpp(30): message : 'StrArray::String' 선언을 참조하십시오.
C:\Projects\ex220624\ex220624\Main.cpp(14,17): error C2614: 'StrArray': 멤버 초기화가 잘못되었습니다. 'buf'이(가) 기본 또는 멤버가 아닙니다.
C:\Projects\ex220624\ex220624\Main.cpp(16,9): error C2065: 'buf': 선언되지 않은 식별자입니다.
C:\Projects\ex220624\ex220624\Main.cpp(16,19): error C2061: 구문 오류: 식별자 'String'
C:\Projects\ex220624\ex220624\Main.cpp(18,53): error C2065: 'arg': 선언되지 않은 식별자입니다.
C:\Projects\ex220624\ex220624\Main.cpp(19,5): error C2789: 'StrArray::String': const 한정 형식의 개체를 초기화해야 합니다.
C:\Projects\ex220624\ex220624\Main.cpp(30): message : 'StrArray::String' 선언을 참조하십시오.
C:\Projects\ex220624\ex220624\Main.cpp(18,33): error C2614: 'StrArray': 멤버 초기화가 잘못되었습니다. 'buf'이(가) 기본 또는 멤버가 아닙니다.
C:\Projects\ex220624\ex220624\Main.cpp(20,9): error C2065: 'buf': 선언되지 않은 식별자입니다.
C:\Projects\ex220624\ex220624\Main.cpp(20,19): error C2061: 구문 오류: 식별자 'String'
C:\Projects\ex220624\ex220624\Main.cpp(22,13): error C2065: 'buf': 선언되지 않은 식별자입니다.
C:\Projects\ex220624\ex220624\Main.cpp(22,22): error C2065: 'arg': 선언되지 않은 식별자입니다.
C:\Projects\ex220624\ex220624\Main.cpp(24,28): error C2065: 'buf': 선언되지 않은 식별자입니다.
C:\Projects\ex220624\ex220624\Main.cpp(24,17): error C2541: 'delete': 포인터가 아닌 개체를 삭제할 수 없습니다.
C:\Projects\ex220624\ex220624\Main.cpp(27,9): error C2065: 'buf': 선언되지 않은 식별자입니다.
C:\Projects\ex220624\ex220624\Main.cpp(36,21): error C2039: 'at': 'StrArray'의 멤버가 아닙니다.
C:\Projects\ex220624\ex220624\Main.cpp(5): message : 'StrArray' 선언을 참조하십시오.
C:\Projects\ex220624\ex220624\Main.cpp(43,19): error C3861: 'String': 식별자를 찾을 수 없습니다.
C:\Projects\ex220624\ex220624\Main.cpp(44,19): error C3861: 'String': 식별자를 찾을 수 없습니다.
C:\Projects\ex220624\ex220624\Main.cpp(45,19): error C3861: 'String': 식별자를 찾을 수 없습니다.
C:\Projects\ex220624\ex220624\Main.cpp(46,19): error C3861: 'String': 식별자를 찾을 수 없습니다.
C:\Projects\ex220624\ex220624\Main.cpp(47,19): error C3861: 'String': 식별자를 찾을 수 없습니다.
C:\Projects\ex220624\ex220624\Main.cpp(50,9): error C2039: 'at': 'StrArray'의 멤버가 아닙니다.
C:\Projects\ex220624\ex220624\Main.cpp(5): message : 'StrArray' 선언을 참조하십시오.
C:\Projects\ex220624\ex220624\Main.cpp(53,5): error C2065: 'Array': 선언되지 않은 식별자입니다.
C:\Projects\ex220624\ex220624\Main.cpp(53,11): error C2146: 구문 오류: ';'이(가) 'arr2' 식별자 앞에 없습니다.
C:\Projects\ex220624\ex220624\Main.cpp(53,11): error C2065: 'arr2': 선언되지 않은 식별자입니다.
C:\Projects\ex220624\ex220624\Main.cpp(54,5): error C2065: 'arr2': 선언되지 않은 식별자입니다.
